<?xml version="1.0" encoding="UTF-8"?>
<!-- Generated by org.testng.reporters.JUnitReportReporter -->
<testsuite hostname="Yesh" failures="0" tests="1" name="testCases.TC1_AccountRegistrationtest" time="4.927" errors="0" timestamp="2025-04-04T16:56:30 IST" skipped="0">
  <testcase classname="testCases.TC1_AccountRegistrationtest" name="verify_account_registration" time="4.927"/>
</testsuite> <!-- testCases.TC1_AccountRegistrationtest -->
