<?xml version="1.0" encoding="UTF-8"?>
<!-- Generated by org.testng.reporters.JUnitReportReporter -->
<testsuite hostname="Yesh" failures="0" tests="1" name="testCases.TC2_Lohgintest" time="3.682" errors="0" timestamp="2025-04-04T16:56:30 IST" skipped="0">
  <testcase classname="testCases.TC2_Lohgintest" name="verify_login" time="3.682"/>
</testsuite> <!-- testCases.TC2_Lohgintest -->
