<?xml version="1.0" encoding="UTF-8"?>
<!-- Generated by org.testng.reporters.JUnitReportReporter -->
<testsuite hostname="Yesh" failures="0" tests="1" name="testCases.TC2_Lohgintest" time="1.925" errors="0" timestamp="2025-04-04T20:09:24 IST" skipped="0">
  <testcase classname="testCases.TC2_Lohgintest" name="verify_login" time="1.925"/>
</testsuite> <!-- testCases.TC2_Lohgintest -->
